::1 - - [30/Dec/2023:05:19:56 +0000] "GET /favicon.ico HTTP/1.1" 404 150
::1 - - [02/Jan/2024:05:49:22 +0000] "GET /api/v1/visitor/ HTTP/1.1" 401 42
::1 - - [02/Jan/2024:05:49:22 +0000] "GET /api/v1/auth/reception-dashboard HTTP/1.1" 401 42
::1 - - [02/Jan/2024:05:51:56 +0000] "GET /favicon.ico HTTP/1.1" 404 150
::1 - - [02/Jan/2024:06:49:31 +0000] "POST /api/v1/visito/6593a547f6bbbcde4f14b77a HTTP/1.1" 404 178
::1 - - [02/Jan/2024:10:33:52 +0000] "POST /api/v1/visitor/658aa9db72c73a7eca0b9277 HTTP/1.1" 401 42
::1 - - [02/Jan/2024:10:34:03 +0000] "POST /api/v1/visitor/658aa9db72c73a7eca0b9277 HTTP/1.1" 401 42
::1 - - [02/Jan/2024:10:34:08 +0000] "POST /api/v1/visitor/658aa9db72c73a7eca0b9277 HTTP/1.1" 401 42
::1 - - [02/Jan/2024:12:45:47 +0000] "GET /api/v1/visitor/hom HTTP/1.1" 500 148
::1 - - [02/Jan/2024:12:46:00 +0000] "GET /api/v1/visitor/ho HTTP/1.1" 500 147
::1 - - [02/Jan/2024:12:46:12 +0000] "GET /api/v1/visitor/dgdf HTTP/1.1" 500 149
::1 - - [03/Jan/2024:09:10:05 +0000] "POST /api/v1/auth/login HTTP/1.1" 401 29
::1 - - [04/Jan/2024:10:14:36 +0000] "GET /favicon.ico HTTP/1.1" 404 150
::ffff:127.0.0.1 - - [05/Jan/2024:06:45:01 +0000] "POST /api/v1/visitor/case HTTP/1.1" 401 71
::ffff:127.0.0.1 - - [05/Jan/2024:07:01:55 +0000] "POST /api/v1/auth/case HTTP/1.1" 404 47
::ffff:127.0.0.1 - - [05/Jan/2024:07:04:52 +0000] "POST /api/v1/auth/case HTTP/1.1" 500 78
::ffff:127.0.0.1 - - [05/Jan/2024:07:07:51 +0000] "POST /api/v1/auth/case HTTP/1.1" 404 47
::1 - - [05/Jan/2024:07:16:39 +0000] "POST /api/v1/auth/case HTTP/1.1" 404 47
::ffff:127.0.0.1 - - [05/Jan/2024:07:20:07 +0000] "POST /api/v1/auth/case HTTP/1.1" 404 47
::1 - - [05/Jan/2024:07:25:20 +0000] "POST /api/v1/auth/case HTTP/1.1" 404 47
::1 - - [05/Jan/2024:07:46:42 +0000] "POST /api/v1/auth/case HTTP/1.1" 404 47
::1 - - [05/Jan/2024:07:48:24 +0000] "POST /api/v1/auth/case HTTP/1.1" 404 47
::1 - - [05/Jan/2024:07:49:28 +0000] "POST /api/v1/auth/case HTTP/1.1" 404 47
::1 - - [05/Jan/2024:07:53:17 +0000] "POST /api/v1/auth/case HTTP/1.1" 404 47
::1 - - [05/Jan/2024:07:53:41 +0000] "POST /api/v1/auth/case HTTP/1.1" 404 47
::1 - - [05/Jan/2024:07:53:58 +0000] "POST /api/v1/auth/case HTTP/1.1" 404 47
::1 - - [05/Jan/2024:11:04:37 +0000] "POST /api/v1/visitor HTTP/1.1" 500 78
::1 - - [05/Jan/2024:11:09:03 +0000] "POST /api/v1/visitor HTTP/1.1" 500 78
::1 - - [05/Jan/2024:12:04:34 +0000] "POST /api/v1/visitor HTTP/1.1" 401 71
::1 - - [06/Jan/2024:07:33:24 +0000] "POST /api/v1/visitor HTTP/1.1" 400 167
::1 - - [06/Jan/2024:07:36:00 +0000] "POST /api/v1/visitor HTTP/1.1" 400 187
::1 - - [06/Jan/2024:12:26:26 +0000] "POST /api/v1/visitor HTTP/1.1" 401 42
::1 - - [06/Jan/2024:12:38:01 +0000] "POST /api/v1/auth/case HTTP/1.1" 404 47
::1 - - [07/Jan/2024:10:29:18 +0000] "GET /favicon.ico HTTP/1.1" 404 150
